<?xml version="1.0" encoding="UTF-8"?>
<!-- Generated by org.testng.reporters.JUnitReportReporter -->
<testsuite hostname="pro-Vasudevan" failures="0" tests="5" name="SparkReport.Basicsparkreport" time="114.069" errors="0" timestamp="2022-07-27T17:27:55 IST" skipped="0">
  <testcase classname="SparkReport.Basicsparkreport" name="Homepage" time="13.825"/>
  <system-out/>
  <testcase classname="SparkReport.Basicsparkreport" name="loginpage" time="84.142"/>
  <system-out/>
  <testcase classname="SparkReport.Basicsparkreport" name="forgetpassword" time="11.304"/>
  <system-out/>
  <testcase classname="SparkReport.Basicsparkreport" name="eye" time="2.274"/>
  <system-out/>
  <testcase classname="SparkReport.Basicsparkreport" name="hidepassword" time="2.524"/>
  <system-out/>
</testsuite> <!-- SparkReport.Basicsparkreport -->
