<?xml version="1.0" encoding="UTF-8"?>
<!-- Generated by org.testng.reporters.JUnitReportReporter -->
<testsuite hostname="pro-Vasudevan" failures="0" tests="6" name="SparkReport.Utility" time="14.512" errors="0" timestamp="2022-07-29T16:04:06 IST" skipped="0">
  <testcase classname="SparkReport.Utility" name="Homepage" time="3.068"/>
  <system-out/>
  <testcase classname="SparkReport.Utility" name="loginpage" time="3.184"/>
  <system-out/>
  <testcase classname="SparkReport.Utility" name="forgetpassword" time="2.080"/>
  <system-out/>
  <testcase classname="SparkReport.Utility" name="emailsubmittion" time="2.097"/>
  <system-out/>
  <testcase classname="SparkReport.Utility" name="eye" time="2.044"/>
  <system-out/>
  <testcase classname="SparkReport.Utility" name="hidepassword" time="2.039"/>
  <system-out/>
</testsuite> <!-- SparkReport.Utility -->
