<?xml version="1.0" encoding="UTF-8"?>
<!-- Generated by org.testng.reporters.JUnitReportReporter -->
<testsuite hostname="pro-Vasudevan" failures="0" tests="6" name="SparkReport.Utility" time="14.545" errors="0" timestamp="29 Jul 2022 09:29:47 GMT" skipped="0">
  <testcase classname="SparkReport.Utility" name="Homepage" time="3.094"/>
  <testcase classname="SparkReport.Utility" name="loginpage" time="3.180"/>
  <testcase classname="SparkReport.Utility" name="forgetpassword" time="2.086"/>
  <testcase classname="SparkReport.Utility" name="emailsubmittion" time="2.094"/>
  <testcase classname="SparkReport.Utility" name="eye" time="2.046"/>
  <testcase classname="SparkReport.Utility" name="hidepassword" time="2.045"/>
</testsuite> <!-- SparkReport.Utility -->
